This is pdfTeX, Version 3.141592653-2.6-1.40.26 (TeX Live 2024) (preloaded format=pdflatex 2024.5.10)  21 JUN 2024 18:04
entering extended mode
 restricted \write18 enabled.
 %&-line parsing enabled.
**analise.tex
(./analise.tex
LaTeX2e <2023-11-01> patch level 1
L3 programming layer <2024-04-11>
(/usr/local/texlive/2024/texmf-dist/tex/latex/base/article.cls
Document Class: article 2023/05/17 v1.4n Standard LaTeX document class
(/usr/local/texlive/2024/texmf-dist/tex/latex/base/size10.clo
File: size10.clo 2023/05/17 v1.4n Standard LaTeX file (size option)
)
\c@part=\count189
\c@section=\count190
\c@subsection=\count191
\c@subsubsection=\count192
\c@paragraph=\count193
\c@subparagraph=\count194
\c@figure=\count195
\c@table=\count196
\abovecaptionskip=\skip48
\belowcaptionskip=\skip49
\bibindent=\dimen140
)
(/usr/local/texlive/2024/texmf-dist/tex/latex/amscls/amsthm.sty
Package: amsthm 2020/05/29 v2.20.6
\thm@style=\toks17
\thm@bodyfont=\toks18
\thm@headfont=\toks19
\thm@notefont=\toks20
\thm@headpunct=\toks21
\thm@preskip=\skip50
\thm@postskip=\skip51
\thm@headsep=\skip52
\dth@everypar=\toks22
)
(/usr/local/texlive/2024/texmf-dist/tex/latex/amsfonts/amssymb.sty
Package: amssymb 2013/01/14 v3.01 AMS font symbols

(/usr/local/texlive/2024/texmf-dist/tex/latex/amsfonts/amsfonts.sty
Package: amsfonts 2013/01/14 v3.01 Basic AMSFonts support
\@emptytoks=\toks23
\symAMSa=\mathgroup4
\symAMSb=\mathgroup5
LaTeX Font Info:    Redeclaring math symbol \hbar on input line 98.
LaTeX Font Info:    Overwriting math alphabet `\mathfrak' in version `bold'
(Font)                  U/euf/m/n --> U/euf/b/n on input line 106.
))
(/usr/local/texlive/2024/texmf-dist/tex/latex/physics/physics.sty
Package: physics 

(/usr/local/texlive/2024/texmf-dist/tex/latex/l3packages/xparse/xparse.sty
(/usr/local/texlive/2024/texmf-dist/tex/latex/l3kernel/expl3.sty
Package: expl3 2024-04-11 L3 programming layer (loader) 

(/usr/local/texlive/2024/texmf-dist/tex/latex/l3backend/l3backend-pdftex.def
File: l3backend-pdftex.def 2024-04-11 L3 backend support: PDF output (pdfTeX)
\l__color_backend_stack_int=\count197
\l__pdf_internal_box=\box51
))
Package: xparse 2024-03-14 L3 Experimental document command parser
) (/usr/local/texlive/2024/texmf-dist/tex/latex/amsmath/amsmath.sty
Package: amsmath 2023/05/13 v2.17o AMS math features
\@mathmargin=\skip53

For additional information on amsmath, use the `?' option.
(/usr/local/texlive/2024/texmf-dist/tex/latex/amsmath/amstext.sty
Package: amstext 2021/08/26 v2.01 AMS text

(/usr/local/texlive/2024/texmf-dist/tex/latex/amsmath/amsgen.sty
File: amsgen.sty 1999/11/30 v2.0 generic functions
\@emptytoks=\toks24
\ex@=\dimen141
))
(/usr/local/texlive/2024/texmf-dist/tex/latex/amsmath/amsbsy.sty
Package: amsbsy 1999/11/29 v1.2d Bold Symbols
\pmbraise@=\dimen142
)
(/usr/local/texlive/2024/texmf-dist/tex/latex/amsmath/amsopn.sty
Package: amsopn 2022/04/08 v2.04 operator names
)
\inf@bad=\count198
LaTeX Info: Redefining \frac on input line 234.
\uproot@=\count199
\leftroot@=\count266
LaTeX Info: Redefining \overline on input line 399.
LaTeX Info: Redefining \colon on input line 410.
\classnum@=\count267
\DOTSCASE@=\count268
LaTeX Info: Redefining \ldots on input line 496.
LaTeX Info: Redefining \dots on input line 499.
LaTeX Info: Redefining \cdots on input line 620.
\Mathstrutbox@=\box52
\strutbox@=\box53
LaTeX Info: Redefining \big on input line 722.
LaTeX Info: Redefining \Big on input line 723.
LaTeX Info: Redefining \bigg on input line 724.
LaTeX Info: Redefining \Bigg on input line 725.
\big@size=\dimen143
LaTeX Font Info:    Redeclaring font encoding OML on input line 743.
LaTeX Font Info:    Redeclaring font encoding OMS on input line 744.
\macc@depth=\count269
LaTeX Info: Redefining \bmod on input line 905.
LaTeX Info: Redefining \pmod on input line 910.
LaTeX Info: Redefining \smash on input line 940.
LaTeX Info: Redefining \relbar on input line 970.
LaTeX Info: Redefining \Relbar on input line 971.
\c@MaxMatrixCols=\count270
\dotsspace@=\muskip16
\c@parentequation=\count271
\dspbrk@lvl=\count272
\tag@help=\toks25
\row@=\count273
\column@=\count274
\maxfields@=\count275
\andhelp@=\toks26
\eqnshift@=\dimen144
\alignsep@=\dimen145
\tagshift@=\dimen146
\tagwidth@=\dimen147
\totwidth@=\dimen148
\lineht@=\dimen149
\@envbody=\toks27
\multlinegap=\skip54
\multlinetaggap=\skip55
\mathdisplay@stack=\toks28
LaTeX Info: Redefining \[ on input line 2953.
LaTeX Info: Redefining \] on input line 2954.
))
(/usr/local/texlive/2024/texmf-dist/tex/latex/mathtools/mathtools.sty
Package: mathtools 2024/03/11 v1.30 mathematical typesetting tools

(/usr/local/texlive/2024/texmf-dist/tex/latex/graphics/keyval.sty
Package: keyval 2022/05/29 v1.15 key=value parser (DPC)
\KV@toks@=\toks29
)
(/usr/local/texlive/2024/texmf-dist/tex/latex/tools/calc.sty
Package: calc 2023/07/08 v4.3 Infix arithmetic (KKT,FJ)
\calc@Acount=\count276
\calc@Bcount=\count277
\calc@Adimen=\dimen150
\calc@Bdimen=\dimen151
\calc@Askip=\skip56
\calc@Bskip=\skip57
LaTeX Info: Redefining \setlength on input line 80.
LaTeX Info: Redefining \addtolength on input line 81.
\calc@Ccount=\count278
\calc@Cskip=\skip58
)
(/usr/local/texlive/2024/texmf-dist/tex/latex/mathtools/mhsetup.sty
Package: mhsetup 2021/03/18 v1.4 programming setup (MH)
)
\g_MT_multlinerow_int=\count279
\l_MT_multwidth_dim=\dimen152
\origjot=\skip59
\l_MT_shortvdotswithinadjustabove_dim=\dimen153
\l_MT_shortvdotswithinadjustbelow_dim=\dimen154
\l_MT_above_intertext_sep=\dimen155
\l_MT_below_intertext_sep=\dimen156
\l_MT_above_shortintertext_sep=\dimen157
\l_MT_below_shortintertext_sep=\dimen158
\xmathstrut@box=\box54
\xmathstrut@dim=\dimen159
)
(/usr/local/texlive/2024/texmf-dist/tex/latex/enumitem/enumitem.sty
Package: enumitem 2019/06/20 v3.9 Customized lists
\labelindent=\skip60
\enit@outerparindent=\dimen160
\enit@toks=\toks30
\enit@inbox=\box55
\enit@count@id=\count280
\enitdp@description=\count281
)
(/usr/local/texlive/2024/texmf-dist/tex/generic/babel/babel.sty
Package: babel 2024/04/20 v24.4 The Babel package
\babel@savecnt=\count282
\U@D=\dimen161
\l@unhyphenated=\language25

(/usr/local/texlive/2024/texmf-dist/tex/generic/babel/txtbabel.def)
\bbl@readstream=\read2
\bbl@dirlevel=\count283

(/usr/local/texlive/2024/texmf-dist/tex/generic/babel-portuges/brazilian.ldf
Language: portuges 2021/07/09 v1.2t Portuguese support from the babel system
Package babel Info: Hyphen rules for 'brazilian' set to \l@portuguese
(babel)             (\language22). Reported on input line 111.
Package babel Info: Making " an active character on input line 143.
))
(/usr/local/texlive/2024/texmf-dist/tex/generic/babel/locale/pt/babel-brazilian
.tex
Package babel Info: Importing font and identification data for brazilian
(babel)             from babel-pt-BR.ini. Reported on input line 11.
)
\c@axioma=\count284
\c@conceitoPrimitivo=\count285
\c@prop=\count286


Package amsthm Warning: Unknown theoremstyle `theorem' on input line 15.

\c@teo=\count287

Package amsthm Warning: Unknown theoremstyle `lemma' on input line 17.

\c@lema=\count288
\c@inferencia=\count289
(/usr/local/texlive/2024/texmf-dist/tex/latex/doclicense/doclicense.sty
Package: doclicense 2023/10/01 v3.3.0 Support for putting documents under a lic
ense

(/usr/local/texlive/2024/texmf-dist/tex/latex/kvoptions/kvoptions.sty
Package: kvoptions 2022-06-15 v3.15 Key value format for package options (HO)

(/usr/local/texlive/2024/texmf-dist/tex/generic/ltxcmds/ltxcmds.sty
Package: ltxcmds 2023-12-04 v1.26 LaTeX kernel commands for general use (HO)
)
(/usr/local/texlive/2024/texmf-dist/tex/latex/kvsetkeys/kvsetkeys.sty
Package: kvsetkeys 2022-10-05 v1.19 Key value parser (HO)
))
(/usr/local/texlive/2024/texmf-dist/tex/latex/xifthen/xifthen.sty
Package: xifthen 2015/11/05 v1.4.0 Extended ifthen features

(/usr/local/texlive/2024/texmf-dist/tex/latex/base/ifthen.sty
Package: ifthen 2022/04/13 v1.1d Standard LaTeX ifthen package (DPC)
)
(/usr/local/texlive/2024/texmf-dist/tex/latex/ifmtarg/ifmtarg.sty
Package: ifmtarg 2018/04/16 v1.2b check for an empty argument
))
(/usr/local/texlive/2024/texmf-dist/tex/generic/xstring/xstring.sty
(/usr/local/texlive/2024/texmf-dist/tex/generic/xstring/xstring.tex
\xs_counta=\count290
\xs_countb=\count291
)
Package: xstring 2023/08/22 v1.86 String manipulations (CT)
)
(/usr/local/texlive/2024/texmf-dist/tex/latex/etoolbox/etoolbox.sty
Package: etoolbox 2020/10/05 v2.5k e-TeX tools for LaTeX (JAW)
\etb@tempcnta=\count292
)
(/usr/local/texlive/2024/texmf-dist/tex/latex/tools/xspace.sty
Package: xspace 2014/10/28 v1.13 Space after command names (DPC,MH)
)
(/usr/local/texlive/2024/texmf-dist/tex/latex/tools/verbatim.sty
Package: verbatim 2023-11-06 v1.5v LaTeX2e package for verbatim enhancements
\every@verbatim=\toks31
\verbatim@line=\toks32
\verbatim@in@stream=\read3
)

Package doclicense Warning: The hyperxmp package is missing so no license metad
ata can be embedded into the PDF. Consider installing hyperxmp. on input line 1
18.

\doclicense@hsize=\skip61

(/usr/local/texlive/2024/texmf-dist/tex/latex/doclicense/doclicense-brazilian.l
df
File: doclicense-brazilian.ldf 
)) (/usr/local/texlive/2024/texmf-dist/tex/latex/hyperref/hyperref.sty
Package: hyperref 2024-01-20 v7.01h Hypertext links for LaTeX

(/usr/local/texlive/2024/texmf-dist/tex/generic/iftex/iftex.sty
Package: iftex 2022/02/03 v1.0f TeX engine tests
)
(/usr/local/texlive/2024/texmf-dist/tex/generic/kvdefinekeys/kvdefinekeys.sty
Package: kvdefinekeys 2019-12-19 v1.6 Define keys (HO)
)
(/usr/local/texlive/2024/texmf-dist/tex/generic/pdfescape/pdfescape.sty
Package: pdfescape 2019/12/09 v1.15 Implements pdfTeX's escape features (HO)

(/usr/local/texlive/2024/texmf-dist/tex/generic/pdftexcmds/pdftexcmds.sty
Package: pdftexcmds 2020-06-27 v0.33 Utility functions of pdfTeX for LuaTeX (HO
)

(/usr/local/texlive/2024/texmf-dist/tex/generic/infwarerr/infwarerr.sty
Package: infwarerr 2019/12/03 v1.5 Providing info/warning/error messages (HO)
)
Package pdftexcmds Info: \pdf@primitive is available.
Package pdftexcmds Info: \pdf@ifprimitive is available.
Package pdftexcmds Info: \pdfdraftmode found.
))
(/usr/local/texlive/2024/texmf-dist/tex/latex/hycolor/hycolor.sty
Package: hycolor 2020-01-27 v1.10 Color options for hyperref/bookmark (HO)
)
(/usr/local/texlive/2024/texmf-dist/tex/latex/auxhook/auxhook.sty
Package: auxhook 2019-12-17 v1.6 Hooks for auxiliary files (HO)
)
(/usr/local/texlive/2024/texmf-dist/tex/latex/hyperref/nameref.sty
Package: nameref 2023-11-26 v2.56 Cross-referencing by name of section

(/usr/local/texlive/2024/texmf-dist/tex/latex/refcount/refcount.sty
Package: refcount 2019/12/15 v3.6 Data extraction from label references (HO)
)
(/usr/local/texlive/2024/texmf-dist/tex/generic/gettitlestring/gettitlestring.s
ty
Package: gettitlestring 2019/12/15 v1.6 Cleanup title references (HO)
)
\c@section@level=\count293
)
\@linkdim=\dimen162
\Hy@linkcounter=\count294
\Hy@pagecounter=\count295
 (/usr/local/texlive/2024/texmf-dist/tex/latex/hyperref/pd1enc.def
File: pd1enc.def 2024-01-20 v7.01h Hyperref: PDFDocEncoding definition (HO)
Now handling font encoding PD1 ...
... no UTF-8 mapping file for font encoding PD1
)
(/usr/local/texlive/2024/texmf-dist/tex/generic/intcalc/intcalc.sty
Package: intcalc 2019/12/15 v1.3 Expandable calculations with integers (HO)
)
\Hy@SavedSpaceFactor=\count296

(/usr/local/texlive/2024/texmf-dist/tex/latex/hyperref/puenc.def
File: puenc.def 2024-01-20 v7.01h Hyperref: PDF Unicode definition (HO)
Now handling font encoding PU ...
... no UTF-8 mapping file for font encoding PU
)
Package hyperref Info: Hyper figures OFF on input line 4179.
Package hyperref Info: Link nesting OFF on input line 4184.
Package hyperref Info: Hyper index ON on input line 4187.
Package hyperref Info: Plain pages OFF on input line 4194.
Package hyperref Info: Backreferencing OFF on input line 4199.
Package hyperref Info: Implicit mode ON; LaTeX internals redefined.
Package hyperref Info: Bookmarks ON on input line 4446.
\c@Hy@tempcnt=\count297

(/usr/local/texlive/2024/texmf-dist/tex/latex/url/url.sty
\Urlmuskip=\muskip17
Package: url 2013/09/16  ver 3.4  Verb mode for urls, etc.
)
LaTeX Info: Redefining \url on input line 4784.
\XeTeXLinkMargin=\dimen163

(/usr/local/texlive/2024/texmf-dist/tex/generic/bitset/bitset.sty
Package: bitset 2019/12/09 v1.3 Handle bit-vector datatype (HO)

(/usr/local/texlive/2024/texmf-dist/tex/generic/bigintcalc/bigintcalc.sty
Package: bigintcalc 2019/12/15 v1.5 Expandable calculations on big integers (HO
)
))
\Fld@menulength=\count298
\Field@Width=\dimen164
\Fld@charsize=\dimen165
Package hyperref Info: Hyper figures OFF on input line 6063.
Package hyperref Info: Link nesting OFF on input line 6068.
Package hyperref Info: Hyper index ON on input line 6071.
Package hyperref Info: backreferencing OFF on input line 6078.
Package hyperref Info: Link coloring OFF on input line 6083.
Package hyperref Info: Link coloring with OCG OFF on input line 6088.
Package hyperref Info: PDF/A mode OFF on input line 6093.

(/usr/local/texlive/2024/texmf-dist/tex/latex/base/atbegshi-ltx.sty
Package: atbegshi-ltx 2021/01/10 v1.0c Emulation of the original atbegshi
package with kernel methods
)
\Hy@abspage=\count299
\c@Item=\count300
\c@Hfootnote=\count301
)
Package hyperref Info: Driver (autodetected): hpdftex.

(/usr/local/texlive/2024/texmf-dist/tex/latex/hyperref/hpdftex.def
File: hpdftex.def 2024-01-20 v7.01h Hyperref driver for pdfTeX

(/usr/local/texlive/2024/texmf-dist/tex/latex/base/atveryend-ltx.sty
Package: atveryend-ltx 2020/08/19 v1.0a Emulation of the original atveryend pac
kage
with kernel methods
)
\Fld@listcount=\count302
\c@bookmark@seq@number=\count303

(/usr/local/texlive/2024/texmf-dist/tex/latex/rerunfilecheck/rerunfilecheck.sty
Package: rerunfilecheck 2022-07-10 v1.10 Rerun checks for auxiliary files (HO)

(/usr/local/texlive/2024/texmf-dist/tex/generic/uniquecounter/uniquecounter.sty
Package: uniquecounter 2019/12/15 v1.4 Provide unlimited unique counter (HO)
)
Package uniquecounter Info: New unique counter `rerunfilecheck' on input line 2
85.
)
\Hy@SectionHShift=\skip62
)
Package hyperref Info: Option `colorlinks' set `true' on input line 34.
\c@definicao=\count304
\c@obs=\count305
\c@exemp=\count306
\c@exercicio=\count307
 (/usr/local/texlive/2024/texmf-dist/tex/latex/ccicons/ccicons.sty
Package: ccicons 2017/10/30 v1.6 LaTeX support for Creative Commons icons

(/usr/local/texlive/2024/texmf-dist/tex/latex/xkeyval/xkeyval.sty
Package: xkeyval 2022/06/16 v2.9 package option processing (HA)

(/usr/local/texlive/2024/texmf-dist/tex/generic/xkeyval/xkeyval.tex
(/usr/local/texlive/2024/texmf-dist/tex/generic/xkeyval/xkvutils.tex
\XKV@toks=\toks33
\XKV@tempa@toks=\toks34
)
\XKV@depth=\count308
File: xkeyval.tex 2014/12/03 v2.7a key=value parser (HA)
)))
(/usr/local/texlive/2024/texmf-dist/tex/latex/graphics/graphicx.sty
Package: graphicx 2021/09/16 v1.2d Enhanced LaTeX Graphics (DPC,SPQR)

(/usr/local/texlive/2024/texmf-dist/tex/latex/graphics/graphics.sty
Package: graphics 2022/03/10 v1.4e Standard LaTeX Graphics (DPC,SPQR)

(/usr/local/texlive/2024/texmf-dist/tex/latex/graphics/trig.sty
Package: trig 2021/08/11 v1.11 sin cos tan (DPC)
)
(/usr/local/texlive/2024/texmf-dist/tex/latex/graphics-cfg/graphics.cfg
File: graphics.cfg 2016/06/04 v1.11 sample graphics configuration
)
Package graphics Info: Driver file: pdftex.def on input line 107.

(/usr/local/texlive/2024/texmf-dist/tex/latex/graphics-def/pdftex.def
File: pdftex.def 2024/04/13 v1.2c Graphics/color driver for pdftex
))
\Gin@req@height=\dimen166
\Gin@req@width=\dimen167
)
(/usr/local/texlive/2024/texmf-dist/tex/latex/csquotes/csquotes.sty
Package: csquotes 2024-04-04 v5.2o context-sensitive quotations (JAW)
\csq@reset=\count309
\csq@gtype=\count310
\csq@glevel=\count311
\csq@qlevel=\count312
\csq@maxlvl=\count313
\csq@tshold=\count314
\csq@ltx@everypar=\toks35

(/usr/local/texlive/2024/texmf-dist/tex/latex/csquotes/csquotes.def
File: csquotes.def 2024-04-04 v5.2o csquotes generic definitions (JAW)
)
Package csquotes Info: Trying to load configuration file 'csquotes.cfg'...
Package csquotes Info: ... configuration file loaded successfully.

(/usr/local/texlive/2024/texmf-dist/tex/latex/csquotes/csquotes.cfg
File: csquotes.cfg 
))
(./analise.aux)
\openout1 = `analise.aux'.

LaTeX Font Info:    Checking defaults for OML/cmm/m/it on input line 49.
LaTeX Font Info:    ... okay on input line 49.
LaTeX Font Info:    Checking defaults for OMS/cmsy/m/n on input line 49.
LaTeX Font Info:    ... okay on input line 49.
LaTeX Font Info:    Checking defaults for OT1/cmr/m/n on input line 49.
LaTeX Font Info:    ... okay on input line 49.
LaTeX Font Info:    Checking defaults for T1/cmr/m/n on input line 49.
LaTeX Font Info:    ... okay on input line 49.
LaTeX Font Info:    Checking defaults for TS1/cmr/m/n on input line 49.
LaTeX Font Info:    ... okay on input line 49.
LaTeX Font Info:    Checking defaults for OMX/cmex/m/n on input line 49.
LaTeX Font Info:    ... okay on input line 49.
LaTeX Font Info:    Checking defaults for U/cmr/m/n on input line 49.
LaTeX Font Info:    ... okay on input line 49.
LaTeX Font Info:    Checking defaults for PD1/pdf/m/n on input line 49.
LaTeX Font Info:    ... okay on input line 49.
LaTeX Font Info:    Checking defaults for PU/pdf/m/n on input line 49.
LaTeX Font Info:    ... okay on input line 49.

(/usr/local/texlive/2024/texmf-dist/tex/latex/graphics/color.sty
Package: color 2022/01/06 v1.3d Standard LaTeX Color (DPC)

(/usr/local/texlive/2024/texmf-dist/tex/latex/graphics-cfg/color.cfg
File: color.cfg 2016/01/02 v1.6 sample color configuration
)
Package color Info: Driver file: pdftex.def on input line 149.

(/usr/local/texlive/2024/texmf-dist/tex/latex/graphics/mathcolor.ltx))
Package hyperref Info: Link coloring ON on input line 49.

(./analise.out) (./analise.out)
\@outlinefile=\write3
\openout3 = `analise.out'.


(/usr/local/texlive/2024/texmf-dist/tex/context/base/mkii/supp-pdf.mkii
[Loading MPS to PDF converter (version 2006.09.02).]
\scratchcounter=\count315
\scratchdimen=\dimen168
\scratchbox=\box56
\nofMPsegments=\count316
\nofMParguments=\count317
\everyMPshowfont=\toks36
\MPscratchCnt=\count318
\MPscratchDim=\dimen169
\MPnumerator=\count319
\makeMPintoPDFobject=\count320
\everyMPtoPDFconversion=\toks37
) (/usr/local/texlive/2024/texmf-dist/tex/latex/epstopdf-pkg/epstopdf-base.sty
Package: epstopdf-base 2020-01-24 v2.11 Base part for package epstopdf
Package epstopdf-base Info: Redefining graphics rule for `.eps' on input line 4
85.

(/usr/local/texlive/2024/texmf-dist/tex/latex/latexconfig/epstopdf-sys.cfg
File: epstopdf-sys.cfg 2010/07/13 v1.3 Configuration of (r)epstopdf for TeX Liv
e
))
LaTeX Font Info:    Trying to load font information for U+msa on input line 51.


(/usr/local/texlive/2024/texmf-dist/tex/latex/amsfonts/umsa.fd
File: umsa.fd 2013/01/14 v3.01 AMS symbols A
)
LaTeX Font Info:    Trying to load font information for U+msb on input line 51.


(/usr/local/texlive/2024/texmf-dist/tex/latex/amsfonts/umsb.fd
File: umsb.fd 2013/01/14 v3.01 AMS symbols B
) [1

{/usr/local/texlive/2024/texmf-var/fonts/map/pdftex/updmap/pdftex.map}] (./anal
ise.toc
[2] [3] [4])
\tf@toc=\write4
\openout4 = `analise.toc'.

 [5]
<doclicense-CC-by-nc-sa-88x31.pdf, id=910, 90.3375pt x 31.61812pt>
File: doclicense-CC-by-nc-sa-88x31.pdf Graphic file (type pdf)
<use doclicense-CC-by-nc-sa-88x31.pdf>
Package pdftex.def Info: doclicense-CC-by-nc-sa-88x31.pdf  used on input line 5
9.
(pdftex.def)             Requested size: 100.00015pt x 35.00049pt.

Overfull \hbox (2.19133pt too wide) in paragraph at lines 65--67
[][]\OT1/cmr/bx/n/10 Axioma 1. []\OT1/cmr/m/it/10 Para to-das f^^Sormulas $\OML
/cmm/m/it/10 P; Q; R$\OT1/cmr/m/it/10 , s~ao con-si-de-ra-dos te-o-re-mas as f^
^Sormulas: 
 []

[6 </usr/local/texlive/2024/texmf-dist/tex/latex/doclicense/images/doclicense-C
C-by-nc-sa-88x31.pdf>] [7] [8] [9] [10]
Overfull \hbox (0.52539pt too wide) detected at line 278
\OML/cmm/m/it/10 D \OMS/cmsy/m/n/10 2 []f\OML/cmm/m/it/10 A\OMS/cmsy/m/n/10 g  
([])  9\OML/cmm/m/it/10 B \OT1/cmr/m/n/10 (\OML/cmm/m/it/10 D \OMS/cmsy/m/n/10 
2 \OML/cmm/m/it/10 B \OMS/cmsy/m/n/10 ^ \OML/cmm/m/it/10 B \OMS/cmsy/m/n/10 2 f
\OML/cmm/m/it/10 A\OMS/cmsy/m/n/10 g\OT1/cmr/m/n/10 )  \OMS/cmsy/m/n/10 ([])  9
\OML/cmm/m/it/10 B \OT1/cmr/m/n/10 (\OML/cmm/m/it/10 D \OMS/cmsy/m/n/10 2 \OML/
cmm/m/it/10 B \OMS/cmsy/m/n/10 ^ \OML/cmm/m/it/10 B \OT1/cmr/m/n/10 = \OML/cmm/
m/it/10 A  \OMS/cmsy/m/n/10 ([])  \OML/cmm/m/it/10 D \OMS/cmsy/m/n/10 2 \OML/cm
m/m/it/10 A:
 []

[11] [12] [13]
Overfull \hbox (10.82709pt too wide) in paragraph at lines 381--382
[]\OT1/cmr/m/n/10 Seja $(\OML/cmm/m/it/10 g[]; h[]\OT1/cmr/m/n/10 ) \OMS/cmsy/m
/n/10 2 F\OT1/cmr/m/n/10 (\OML/cmm/m/it/10 X; Y\OT1/cmr/m/n/10 ) \OMS/cmsy/m/n/
10 ^^B F\OT1/cmr/m/n/10 ([] \OML/cmm/m/it/10 ; Y\OT1/cmr/m/n/10 )$. Seja $\OML/
cmm/m/it/10 f \OT1/cmr/m/n/10 : \OML/cmm/m/it/10 X \OMS/cmsy/m/n/10 [ [] \OML/c
mm/m/it/10 ; f\OT1/cmr/m/n/10 (\OML/cmm/m/it/10 x\OT1/cmr/m/n/10 ) = []$.
 []

[14] [15] [16] [17] [18] [19] [20]
Overfull \hbox (1.23335pt too wide) in paragraph at lines 648--648
[]\OT1/cmr/m/n/10 Seja $\OML/cmm/m/it/10 X \OT1/cmr/m/n/10 = []$. Da
 []

[21]
Overfull \hbox (7.8534pt too wide) in paragraph at lines 689--690
[]\OT1/cmr/m/n/10 Seja $\OML/cmm/m/it/10 X \OT1/cmr/m/n/10 = []$.
 []

[22]
Overfull \hbox (105.02774pt too wide) in paragraph at lines 734--735
[]\OT1/cmr/m/n/10 Seja $\OML/cmm/m/it/10 X \OT1/cmr/m/n/10 = []$,
 []

[23] [24] [25]
Underfull \hbox (badness 10000) in paragraph at lines 847--848

 []

[26] [27] [28]
Underfull \hbox (badness 10000) in paragraph at lines 974--975

 []

[29]
Overfull \hbox (61.488pt too wide) in paragraph at lines 1006--1007
[]\OT1/cmr/m/n/10 Seja $\OML/cmm/m/it/10 X \OT1/cmr/m/n/10 = []$.
 []

[30] [31]
Overfull \hbox (0.20805pt too wide) in paragraph at lines 1072--1073
[][]\OT1/cmr/m/it/10 Observa^^Xc~ao \OT1/cmr/m/n/10 3.11\OT1/cmr/m/it/10 . []\O
T1/cmr/m/n/10 A fun^^Xc~ao su-ces-sor com o con-tra-dom^^S^^Pnio re-du-zido ^^S
e uma bije^^Xc~ao
 []


Underfull \hbox (badness 10000) in paragraph at lines 1094--1095

 []

[32]
Underfull \hbox (badness 10000) in paragraph at lines 1105--1106

 []


Underfull \hbox (badness 10000) in paragraph at lines 1109--1110

 []

[33]
Overfull \hbox (18.06952pt too wide) in paragraph at lines 1170--1171
[][]\OT1/cmr/bx/n/10 Proposi^^Xc~ao 3.64. []\OT1/cmr/m/it/10 Te-mos para to-dos
 $\OML/cmm/m/it/10 m; n \OMS/cmsy/m/n/10 2 \U/msb/m/n/10 N$ \OT1/cmr/m/it/10 qu
e $\OMS/cmsy/m/n/10 F\OT1/cmr/m/n/10 (\OML/cmm/m/it/10 I[]; I[]\OT1/cmr/m/n/10 
)$ \OT1/cmr/m/it/10 ^^Se fi-nito e $\OMS/cmsy/m/n/10 jF\OT1/cmr/m/n/10 (\OML/cm
m/m/it/10 I[]; I[]\OT1/cmr/m/n/10 )\OMS/cmsy/m/n/10 j \OT1/cmr/m/n/10 =
 []


Overfull \hbox (14.28745pt too wide) in paragraph at lines 1175--1176
\OT1/cmr/m/n/10 bije^^Xc~ao en-tre $\OMS/cmsy/m/n/10 F\OT1/cmr/m/n/10 ([] \OML/
cmm/m/it/10 ; I[]\OT1/cmr/m/n/10 )$ e $\OMS/cmsy/m/n/10 F\OT1/cmr/m/n/10 (\OML/
cmm/m/it/10 I[]; I[]\OT1/cmr/m/n/10 )$. Logo existe uma bije^^Xc~ao en-tre $\OM
S/cmsy/m/n/10 F\OT1/cmr/m/n/10 (\OML/cmm/m/it/10 I[]; I[]\OT1/cmr/m/n/10 ) \OMS
/cmsy/m/n/10 ^^B
 []

[34] [35] [36] [37]
Overfull \hbox (12.43742pt too wide) in paragraph at lines 1319--1320
[][]\OT1/cmr/bx/n/10 Proposi^^Xc~ao 3.76. []\OT1/cmr/m/it/10 (\OT1/cmr/bx/it/10
 Cantor-Bernstein-Schr^^?oder The-o-rem\OT1/cmr/m/it/10 ) Se exis-tir inje^^Xc~
oes
 []

[38] [39]
Overfull \hbox (9.50914pt too wide) in paragraph at lines 1364--1366
[]\OT1/cmr/m/n/10 Suponha que exis-tam $0[]\OML/cmm/m/it/10 ; \OT1/cmr/m/n/10 0
[] \OMS/cmsy/m/n/10 2 \OML/cmm/m/it/10 A$ \OT1/cmr/m/n/10 tal que $\OMS/cmsy/m/
n/10 8\OML/cmm/m/it/10 x \OMS/cmsy/m/n/10 2 \OML/cmm/m/it/10 A  \OT1/cmr/m/n/10
 :  []$.
 []


Overfull \hbox (4.50912pt too wide) in paragraph at lines 1390--1392
[]\OT1/cmr/m/n/10 Suponha que exis-tam $1[]\OML/cmm/m/it/10 ; \OT1/cmr/m/n/10 1
[] \OMS/cmsy/m/n/10 2 \OML/cmm/m/it/10 A$ \OT1/cmr/m/n/10 tal que $\OMS/cmsy/m/
n/10 8\OML/cmm/m/it/10 x \OMS/cmsy/m/n/10 2 \OML/cmm/m/it/10 A  \OT1/cmr/m/n/10
 :  []$.
 []

[40]
Underfull \hbox (badness 10000) in paragraph at lines 1418--1419

 []

[41] [42] [43] [44]

LaTeX Warning: Command \i invalid in math mode on input line 1620.

[45] [46] [47]
Overfull \hbox (34.18216pt too wide) detected at line 1733
\OT1/cmr/m/n/10 (\OML/cmm/m/it/10 x[]\OT1/cmr/m/n/10 )[]  \OMS/cmsy/m/n/10 ([])
  8\OML/cmm/m/it/10 n \OMS/cmsy/m/n/10 2 \U/msb/m/n/10 N \OT1/cmr/m/n/10 : \OMS
/cmsy/m/n/10 j\OML/cmm/m/it/10 x[]\OMS/cmsy/m/n/10 j ^^T \OML/cmm/m/it/10 c  \O
MS/cmsy/m/n/10 ([])  8\OML/cmm/m/it/10 n \OMS/cmsy/m/n/10 2 \U/msb/m/n/10 N  \O
T1/cmr/m/n/10 :  \OMS/cmsy/m/n/10 jj\OML/cmm/m/it/10 x[]\OMS/cmsy/m/n/10 jj ^^T
 \OML/cmm/m/it/10 c  \OMS/cmsy/m/n/10 ([])  \OT1/cmr/m/n/10 (\OMS/cmsy/m/n/10 j
\OML/cmm/m/it/10 x[]\OMS/cmsy/m/n/10 j\OT1/cmr/m/n/10 )[]
 []

[48] [49] [50]
Overfull \hbox (23.45946pt too wide) in paragraph at lines 1896--1897
[][]\OT1/cmr/bx/n/10 Proposi^^Xc~ao 6.23. []\OT1/cmr/m/it/10 Se-jam $\OML/cmm/m
/it/10 A; B \OMS/cmsy/m/n/10 ^^Z \U/msb/m/n/10 R[] \OMS/cmsy/m/n/10 ^^@ []$ \OT
1/cmr/m/it/10 li-mi-ta-dos, ent~ao $\OML/cmm/m/it/10 C \OT1/cmr/m/n/10 = []$
 []

[51] [52]
Overfull \vbox (224.33252pt too high) has occurred while \output is active []


[53]
Overfull \hbox (8.34749pt too wide) in paragraph at lines 1906--1907
[]\OT1/cmr/m/n/10 Como $[] \OML/cmm/m/it/10 A [] B \OMS/cmsy/m/n/10 ^^T [] \OML
/cmm/m/it/10 C$ \OT1/cmr/m/n/10 e $[] \OML/cmm/m/it/10 C \OMS/cmsy/m/n/10 ^^T [
] \OML/cmm/m/it/10 A [] B$\OT1/cmr/m/n/10 , te-mos $[] \OML/cmm/m/it/10 C \OT1/
cmr/m/n/10 = [] \OML/cmm/m/it/10 A [] B$\OT1/cmr/m/n/10 . 
 []


Overfull \hbox (23.45946pt too wide) in paragraph at lines 1910--1911
[][]\OT1/cmr/bx/n/10 Proposi^^Xc~ao 6.24. []\OT1/cmr/m/it/10 Se-jam $\OML/cmm/m
/it/10 A; B \OMS/cmsy/m/n/10 ^^Z \U/msb/m/n/10 R[] \OMS/cmsy/m/n/10 ^^@ []$ \OT
1/cmr/m/it/10 li-mi-ta-dos, ent~ao $\OML/cmm/m/it/10 C \OT1/cmr/m/n/10 = []$
 []


Package hyperref Warning: Token not allowed in a PDF string (Unicode):
(hyperref)                removing `math shift' on input line 1928.


Package hyperref Warning: Token not allowed in a PDF string (Unicode):
(hyperref)                removing `superscript' on input line 1928.


Package hyperref Warning: Token not allowed in a PDF string (Unicode):
(hyperref)                removing `math shift' on input line 1928.


Package hyperref Warning: Token not allowed in a PDF string (Unicode):
(hyperref)                removing `math shift' on input line 1930.


Package hyperref Warning: Token not allowed in a PDF string (Unicode):
(hyperref)                removing `superscript' on input line 1930.


Package hyperref Warning: Token not allowed in a PDF string (Unicode):
(hyperref)                removing `math shift' on input line 1930.

[54] [55] [56] [57] [58] [59] [60]
Overfull \hbox (5.35973pt too wide) detected at line 2153
[]
 []


Overfull \hbox (25.2707pt too wide) detected at line 2161
[]
 []

[61] [62] [63] [64]
Overfull \hbox (61.54648pt too wide) in paragraph at lines 2265--2266
[][]\OT1/cmr/m/it/10 Observa^^Xc~ao \OT1/cmr/m/n/10 9.2\OT1/cmr/m/it/10 . []\OT
1/cmr/m/n/10 Ob-serve que $[] [](\OML/cmm/m/it/10 a\OT1/cmr/m/n/10 ) \OMS/cmsy/
m/n/10 ^^A \OML/cmm/m/it/10 [] \OT1/cmr/m/n/10 = \OMS/cmsy/m/n/10 r\OML/cmm/m/
it/10 f\OT1/cmr/m/n/10 (\OML/cmm/m/it/10 a\OT1/cmr/m/n/10 ) \OMS/cmsy/m/n/10 ^^
A \OML/cmm/m/it/10 v$\OT1/cmr/m/n/10 , onde $\OMS/cmsy/m/n/10 r\OML/cmm/m/it/10
 f\OT1/cmr/m/n/10 (\OML/cmm/m/it/10 a\OT1/cmr/m/n/10 ) = []$
 []

[65] [66] [67] [68]
Overfull \vbox (465.29059pt too high) has occurred while \output is active []


[69] [70] [71]

LaTeX Warning: Command \d invalid in math mode on input line 2473.


LaTeX Warning: Command \d invalid in math mode on input line 2473.


LaTeX Warning: Command \d invalid in math mode on input line 2473.


LaTeX Warning: Command \d invalid in math mode on input line 2477.


Overfull \hbox (15.61229pt too wide) in paragraph at lines 2482--2483
\OML/cmm/m/it/10 M[]\OT1/cmr/m/n/10 (\OML/cmm/m/it/10 f\OT1/cmr/m/n/10 ) \OMS/c
msy/m/n/10 ^^A \OML/cmm/m/it/10 M[]\OT1/cmr/m/n/10 (\OML/cmm/m/it/10 g\OT1/cmr/
m/n/10 ) \OMS/cmsy/m/n/10 ^^@ \OML/cmm/m/it/10 "$ \OT1/cmr/m/n/10 e $\OML/cmm/m
/it/10 M[]\OT1/cmr/m/n/10 (\OML/cmm/m/it/10 f\OT1/cmr/m/n/10 ) \OMS/cmsy/m/n/10
 ^^A \OML/cmm/m/it/10 M[]\OT1/cmr/m/n/10 (\OML/cmm/m/it/10 g\OT1/cmr/m/n/10 )$ 
^^Se cota su-pe-rior para $[]$,
 []

[72]

LaTeX Warning: Command \d invalid in math mode on input line 2495.


LaTeX Warning: Command \d invalid in math mode on input line 2495.


LaTeX Warning: Command \d invalid in math mode on input line 2495.


Overfull \hbox (14.18147pt too wide) in paragraph at lines 2495--2496
[]\OT1/cmr/m/n/10 Logo$[]\OML/cmm/m/it/10 ^^^\OT1/cmr/m/n/10 (\OML/cmm/m/it/10 
z\OT1/cmr/m/n/10 )[]\OML/cmm/m/it/10 z \OT1/cmr/m/n/10 = [] [] = [] [] = [] [] 
\OMS/cmsy/m/n/10 ^^A
 []

[73] [74] [75] (./analise.aux)
 ***********
LaTeX2e <2023-11-01> patch level 1
L3 programming layer <2024-04-11>
 ***********


LaTeX Warning: Label(s) may have changed. Rerun to get cross-references right.

Package rerunfilecheck Info: File `analise.out' has not changed.
(rerunfilecheck)             Checksum: 0847EBC62EC8673F0E75153B424B1C4F;33174.
 ) 
Here is how much of TeX's memory you used:
 14875 strings out of 475501
 231347 string characters out of 5777496
 1949751 words of memory out of 5000000
 36226 multiletter control sequences out of 15000+600000
 568917 words of font info for 77 fonts, out of 8000000 for 9000
 319 hyphenation exceptions out of 8191
 79i,14n,93p,948b,783s stack positions out of 10000i,1000n,20000p,200000b,200000s
 </home/talesamaral/.texlive2024/texmf-var/fonts/pk/ljfour/jknappen/ec/tcrm10
00.600pk></usr/local/texlive/2024/texmf-dist/fonts/type1/public/amsfonts/cm/cmb
x10.pfb></usr/local/texlive/2024/texmf-dist/fonts/type1/public/amsfonts/cm/cmbx
12.pfb></usr/local/texlive/2024/texmf-dist/fonts/type1/public/amsfonts/cm/cmbxt
i10.pfb></usr/local/texlive/2024/texmf-dist/fonts/type1/public/amsfonts/cm/cmex
10.pfb></usr/local/texlive/2024/texmf-dist/fonts/type1/public/amsfonts/cm/cmmi1
0.pfb></usr/local/texlive/2024/texmf-dist/fonts/type1/public/amsfonts/cm/cmmi5.
pfb></usr/local/texlive/2024/texmf-dist/fonts/type1/public/amsfonts/cm/cmmi7.pf
b></usr/local/texlive/2024/texmf-dist/fonts/type1/public/amsfonts/cm/cmr10.pfb>
</usr/local/texlive/2024/texmf-dist/fonts/type1/public/amsfonts/cm/cmr12.pfb></
usr/local/texlive/2024/texmf-dist/fonts/type1/public/amsfonts/cm/cmr17.pfb></us
r/local/texlive/2024/texmf-dist/fonts/type1/public/amsfonts/cm/cmr5.pfb></usr/l
ocal/texlive/2024/texmf-dist/fonts/type1/public/amsfonts/cm/cmr7.pfb></usr/loca
l/texlive/2024/texmf-dist/fonts/type1/public/amsfonts/cm/cmsy10.pfb></usr/local
/texlive/2024/texmf-dist/fonts/type1/public/amsfonts/cm/cmsy5.pfb></usr/local/t
exlive/2024/texmf-dist/fonts/type1/public/amsfonts/cm/cmsy7.pfb></usr/local/tex
live/2024/texmf-dist/fonts/type1/public/amsfonts/cm/cmti10.pfb></usr/local/texl
ive/2024/texmf-dist/fonts/type1/public/amsfonts/symbols/msbm10.pfb></usr/local/
texlive/2024/texmf-dist/fonts/type1/public/amsfonts/symbols/msbm7.pfb>
Output written on analise.pdf (75 pages, 485645 bytes).
PDF statistics:
 1867 PDF objects out of 2073 (max. 8388607)
 1734 compressed objects within 18 object streams
 653 named destinations out of 1000 (max. 500000)
 1398 words of extra memory for PDF output out of 10000 (max. 10000000)

