\BOOKMARK [1][-]{section.1}{\376\377\000I\000n\000t\000r\000o\000d\000u\000\347\000\343\000o}{}% 1
\BOOKMARK [1][-]{section.2}{\376\377\000L\000\363\000g\000i\000c\000a}{}% 2
\BOOKMARK [2][-]{subsection.2.1}{\376\377\000C\000\341\000l\000c\000u\000l\000o\000\040\000P\000r\000o\000p\000o\000s\000i\000c\000i\000o\000n\000a\000l}{section.2}% 3
\BOOKMARK [2][-]{subsection.2.2}{\376\377\000O\000r\000g\000a\000n\000i\000z\000a\000r}{section.2}% 4
\BOOKMARK [1][-]{section.3}{\376\377\000T\000e\000o\000r\000i\000a\000\040\000d\000e\000\040\000c\000o\000n\000j\000u\000n\000t\000o\000s}{}% 5
\BOOKMARK [2][-]{subsection.3.1}{\376\377\000A\000x\000i\000o\000m\000a\000\040\000d\000a\000\040\000E\000x\000t\000e\000n\000s\000\343\000o}{section.3}% 6
\BOOKMARK [2][-]{subsection.3.2}{\376\377\000O\000r\000g\000a\000n\000i\000z\000a\000r\000\040\000A\000i\000n\000d\000a}{section.3}% 7
\BOOKMARK [2][-]{subsection.3.3}{\376\377\000P\000r\000o\000d\000u\000t\000o\000\040\000C\000a\000r\000t\000e\000s\000i\000a\000n\000o}{section.3}% 8
\BOOKMARK [2][-]{subsection.3.4}{\376\377\000R\000e\000l\000a\000\347\000\365\000e\000s}{section.3}% 9
\BOOKMARK [3][-]{subsubsection.3.4.1}{\376\377\000D\000e\000f\000i\000n\000i\000\347\000\365\000e\000s\000\040\000i\000n\000i\000c\000i\000a\000i\000s}{subsection.3.4}% 10
\BOOKMARK [3][-]{subsubsection.3.4.2}{\376\377\000R\000e\000l\000a\000\347\000\365\000e\000s\000\040\000d\000e\000\040\000E\000q\000u\000i\000v\000a\000l\000\352\000n\000c\000i\000a}{subsection.3.4}% 11
\BOOKMARK [3][-]{subsubsection.3.4.3}{\376\377\000R\000e\000l\000a\000\347\000\343\000o\000\040\000d\000e\000\040\000O\000r\000d\000e\000m}{subsection.3.4}% 12
\BOOKMARK [3][-]{subsubsection.3.4.4}{\376\377\000F\000u\000n\000\347\000\365\000e\000s}{subsection.3.4}% 13
\BOOKMARK [2][-]{subsection.3.5}{\376\377\000N\000\372\000m\000e\000r\000o\000s\000\040\000N\000a\000t\000u\000r\000a\000i\000s}{section.3}% 14
\BOOKMARK [3][-]{subsubsection.3.5.1}{\376\377\000A\000x\000i\000o\000m\000a\000s\000\040\000d\000e\000\040\000P\000e\000a\000n\000o}{subsection.3.5}% 15
\BOOKMARK [3][-]{subsubsection.3.5.2}{\376\377\000S\000o\000m\000a\000\040\000n\000o\000s\000\040\000N\000a\000t\000u\000r\000a\000i\000s}{subsection.3.5}% 16
\BOOKMARK [3][-]{subsubsection.3.5.3}{\376\377\000O\000r\000d\000e\000m\000\040\000n\000o\000s\000\040\000N\000a\000t\000u\000r\000a\000i\000s}{subsection.3.5}% 17
\BOOKMARK [3][-]{subsubsection.3.5.4}{\376\377\000P\000r\000o\000d\000u\000t\000o\000\040\000n\000o\000s\000\040\000N\000a\000t\000u\000r\000a\000i\000s}{subsection.3.5}% 18
\BOOKMARK [3][-]{subsubsection.3.5.5}{\376\377\000E\000x\000e\000r\000c\000\355\000c\000i\000o\000s}{subsection.3.5}% 19
\BOOKMARK [2][-]{subsection.3.6}{\376\377\000C\000o\000n\000j\000u\000n\000t\000o\000s\000\040\000F\000i\000n\000i\000t\000o\000s\000\040\000e\000\040\000I\000n\000f\000i\000n\000i\000t\000o\000s}{section.3}% 20
\BOOKMARK [3][-]{subsubsection.3.6.1}{\376\377\000C\000o\000n\000j\000u\000n\000t\000o\000s\000\040\000F\000i\000n\000i\000t\000o\000s}{subsection.3.6}% 21
\BOOKMARK [3][-]{subsubsection.3.6.2}{\376\377\000C\000o\000n\000j\000u\000n\000t\000o\000s\000\040\000I\000n\000f\000i\000n\000i\000t\000o\000s}{subsection.3.6}% 22
\BOOKMARK [3][-]{subsubsection.3.6.3}{\376\377\000E\000x\000e\000r\000c\000\355\000c\000i\000o\000s}{subsection.3.6}% 23
\BOOKMARK [1][-]{section.4}{\376\377\000A\000n\000\351\000i\000s\000\040}{}% 24
\BOOKMARK [2][-]{subsection.4.1}{\376\377\000D\000e\000f\000i\000n\000i\000\347\000\365\000e\000s\000\040\000i\000n\000i\000c\000i\000a\000i\000s}{section.4}% 25
\BOOKMARK [3][-]{subsubsection.4.1.1}{\376\377\000E\000x\000e\000r\000c\000\355\000c\000i\000o\000s}{subsection.4.1}% 26
\BOOKMARK [2][-]{subsection.4.2}{\376\377\000I\000n\000v\000e\000r\000t\000i\000b\000i\000l\000i\000d\000a\000d\000e}{section.4}% 27
\BOOKMARK [2][-]{subsection.4.3}{\376\377\000C\000o\000r\000p\000o\000s\000,\000\040\000d\000o\000m\000\355\000n\000i\000o\000s\000\040\000e\000\040\000a\000n\000\351\000i\000s\000\040\000r\000e\000d\000u\000z\000i\000d\000o\000s}{section.4}% 28
\BOOKMARK [1][-]{section.5}{\376\377\000A\000r\000i\000t\000m\000\351\000t\000i\000c\000a}{}% 29
\BOOKMARK [1][-]{section.6}{\376\377\000A\000n\000\341\000l\000i\000s\000e\000\040\000R\000e\000a\000l}{}% 30
\BOOKMARK [2][-]{subsection.6.1}{\376\377\000\040\000N\000\372\000m\000e\000r\000o\000s\000\040\000R\000e\000a\000i\000s}{section.6}% 31
\BOOKMARK [3][-]{subsubsection.6.1.1}{\376\377\000C\000o\000r\000p\000o\000s\000\040\000o\000r\000d\000e\000n\000a\000d\000o\000s}{subsection.6.1}% 32
\BOOKMARK [3][-]{subsubsection.6.1.2}{\376\377\000N\000\372\000m\000e\000r\000o\000s\000\040\000r\000e\000a\000i\000s}{subsection.6.1}% 33
\BOOKMARK [2][-]{subsection.6.2}{\376\377\000\040\000S\000e\000q\000u\000\352\000n\000c\000i\000a\000s\000\040\000e\000\040\000S\000\351\000r\000i\000e\000s\000\040\000d\000e\000\040\000N\000\372\000m\000e\000r\000o\000s\000\040\000R\000e\000a\000i\000s}{section.6}% 34
\BOOKMARK [3][-]{subsubsection.6.2.1}{\376\377\000\040\000S\000e\000q\000u\000\352\000n\000c\000i\000a\000s}{subsection.6.2}% 35
\BOOKMARK [3][-]{subsubsection.6.2.2}{\376\377\000\040\000L\000i\000m\000i\000t\000e\000\040\000d\000e\000\040\000u\000m\000a\000\040\000s\000e\000q\000u\000\352\000n\000c\000i\000a}{subsection.6.2}% 36
\BOOKMARK [3][-]{subsubsection.6.2.3}{\376\377\000\040\000P\000r\000o\000p\000r\000i\000e\000d\000a\000d\000e\000s\000\040\000a\000r\000i\000t\000m\000\351\000t\000i\000c\000a\000s\000\040\000d\000o\000s\000\040\000l\000i\000m\000i\000t\000e\000s}{subsection.6.2}% 37
\BOOKMARK [3][-]{subsubsection.6.2.4}{\376\377\000\040\000S\000u\000b\000s\000e\000q\000u\000\352\000n\000c\000i\000a\000s}{subsection.6.2}% 38
\BOOKMARK [3][-]{subsubsection.6.2.5}{\376\377\000\040\000S\000e\000q\000u\000\352\000n\000c\000i\000a\000s\000\040\000d\000e\000\040\000C\000a\000u\000c\000h\000y}{subsection.6.2}% 39
\BOOKMARK [3][-]{subsubsection.6.2.6}{\376\377\000\040\000L\000i\000m\000i\000t\000e\000s\000\040\000i\000n\000f\000i\000n\000i\000t\000o\000s}{subsection.6.2}% 40
\BOOKMARK [3][-]{subsubsection.6.2.7}{\376\377\000\040\000S\000\351\000r\000i\000e\000s\000\040\000n\000u\000m\000\351\000r\000i\000c\000a\000s}{subsection.6.2}% 41
\BOOKMARK [2][-]{subsection.6.3}{\376\377\000\040\000T\000o\000p\000o\000l\000o\000g\000i\000a\000\040\000d\000a\000\040\000R\000e\000t\000a}{section.6}% 42
\BOOKMARK [3][-]{subsubsection.6.3.1}{\376\377\000\040\000C\000o\000n\000j\000u\000n\000t\000o\000s\000\040\000a\000b\000e\000r\000t\000o\000s}{subsection.6.3}% 43
\BOOKMARK [3][-]{subsubsection.6.3.2}{\376\377\000\040\000C\000o\000n\000j\000u\000n\000t\000o\000s\000\040\000f\000e\000c\000h\000a\000d\000o\000s}{subsection.6.3}% 44
\BOOKMARK [3][-]{subsubsection.6.3.3}{\376\377\000\040\000P\000o\000n\000t\000o\000s\000\040\000d\000e\000\040\000a\000c\000u\000m\000u\000l\000a\000\347\000\343\000o}{subsection.6.3}% 45
\BOOKMARK [3][-]{subsubsection.6.3.4}{\376\377\000\040\000C\000o\000n\000j\000u\000n\000t\000o\000s\000\040\000c\000o\000m\000p\000a\000c\000t\000o\000s}{subsection.6.3}% 46
\BOOKMARK [2][-]{subsection.6.4}{\376\377\000\040\000L\000i\000m\000i\000t\000e\000s\000\040\000d\000e\000\040\000F\000u\000n\000\347\000\365\000e\000s}{section.6}% 47
\BOOKMARK [3][-]{subsubsection.6.4.1}{\376\377\000\040\000D\000e\000f\000i\000n\000i\000\347\000\343\000o\000\040\000e\000\040\000p\000r\000o\000p\000r\000i\000e\000d\000a\000d\000e\000s\000\040\000d\000o\000\040\000l\000i\000m\000i\000t\000e}{subsection.6.4}% 48
\BOOKMARK [3][-]{subsubsection.6.4.2}{\376\377\000\040\000E\000x\000e\000m\000p\000l\000o\000s\000\040\000d\000e\000\040\000l\000i\000m\000i\000t\000e\000s}{subsection.6.4}% 49
\BOOKMARK [3][-]{subsubsection.6.4.3}{\376\377\000\040\000L\000i\000m\000i\000t\000e\000s\000\040\000l\000a\000t\000e\000r\000a\000i\000s}{subsection.6.4}% 50
\BOOKMARK [3][-]{subsubsection.6.4.4}{\376\377\000\040\000L\000i\000m\000i\000t\000e\000s\000\040\000n\000o\000\040\000i\000n\000f\000i\000n\000i\000t\000o}{subsection.6.4}% 51
\BOOKMARK [3][-]{subsubsection.6.4.5}{\376\377\000\040\000V\000a\000l\000o\000r\000e\000s\000\040\000d\000e\000\040\000a\000d\000e\000r\000\352\000n\000c\000i\000a\000\040\000d\000e\000\040\000u\000m\000a\000\040\000f\000u\000n\000\347\000\343\000o\000;\000\040\000l\000i\000m\000\040\000s\000u\000p\000\040\000e\000\040\000l\000i\000m\000\040\000i\000n\000f}{subsection.6.4}% 52
\BOOKMARK [2][-]{subsection.6.5}{\376\377\000\040\000F\000u\000n\000\347\000\365\000e\000s\000\040\000C\000o\000n\000t\000\355\000n\000u\000a\000s}{section.6}% 53
\BOOKMARK [3][-]{subsubsection.6.5.1}{\376\377\000\040\000A\000\040\000n\000o\000\347\000\343\000o\000\040\000d\000e\000\040\000f\000u\000n\000\347\000\343\000o\000\040\000c\000o\000n\000t\000\355\000n\000u\000a}{subsection.6.5}% 54
\BOOKMARK [3][-]{subsubsection.6.5.2}{\376\377\000\040\000D\000e\000s\000c\000o\000n\000t\000i\000n\000u\000i\000d\000a\000d\000e\000s}{subsection.6.5}% 55
\BOOKMARK [3][-]{subsubsection.6.5.3}{\376\377\000\040\000F\000u\000n\000\347\000\365\000e\000s\000\040\000c\000o\000n\000t\000\355\000n\000u\000a\000s\000\040\000e\000m\000\040\000i\000n\000t\000e\000r\000v\000a\000l\000o\000s}{subsection.6.5}% 56
\BOOKMARK [3][-]{subsubsection.6.5.4}{\376\377\000\040\000F\000u\000n\000\347\000\365\000e\000s\000\040\000c\000o\000n\000t\000\355\000n\000u\000a\000s\000\040\000e\000m\000\040\000c\000o\000n\000j\000u\000n\000t\000o\000s\000\040\000c\000o\000m\000p\000a\000c\000t\000o\000s}{subsection.6.5}% 57
\BOOKMARK [3][-]{subsubsection.6.5.5}{\376\377\000\040\000C\000o\000n\000t\000i\000n\000u\000i\000d\000a\000d\000e\000\040\000u\000n\000i\000f\000o\000r\000m\000e}{subsection.6.5}% 58
\BOOKMARK [2][-]{subsection.6.6}{\376\377\000\040\000D\000e\000r\000i\000v\000a\000d\000a\000s}{section.6}% 59
\BOOKMARK [3][-]{subsubsection.6.6.1}{\376\377\000\040\000D\000e\000f\000i\000n\000i\000\347\000\343\000o\000\040\000e\000\040\000p\000r\000o\000p\000r\000i\000e\000d\000a\000d\000e\000s\000\040\000d\000a\000\040\000d\000e\000r\000i\000v\000a\000d\000a\000\040\000n\000u\000m\000\040\000p\000o\000n\000t\000o}{subsection.6.6}% 60
\BOOKMARK [3][-]{subsubsection.6.6.2}{\376\377\000\040\000F\000u\000n\000\347\000\365\000e\000s\000\040\000d\000e\000r\000i\000v\000\341\000v\000e\000i\000s\000\040\000n\000u\000m\000\040\000i\000n\000t\000e\000r\000v\000a\000l\000o}{subsection.6.6}% 61
\BOOKMARK [3][-]{subsubsection.6.6.3}{\376\377\000\040\000F\000\363\000r\000m\000u\000l\000a\000\040\000d\000e\000\040\000T\000a\000y\000l\000o\000r}{subsection.6.6}% 62
\BOOKMARK [3][-]{subsubsection.6.6.4}{\376\377\000\040\000S\000\351\000r\000i\000e\000\040\000d\000e\000\040\000T\000a\000y\000l\000o\000r\000,\000\040\000f\000u\000n\000\347\000\365\000e\000s\000\040\000a\000n\000a\000l\000\355\000t\000i\000c\000a\000s}{subsection.6.6}% 63
\BOOKMARK [2][-]{subsection.6.7}{\376\377\000\040\000I\000n\000t\000e\000g\000r\000a\000l\000\040\000d\000e\000\040\000R\000i\000e\000m\000a\000n\000n}{section.6}% 64
\BOOKMARK [3][-]{subsubsection.6.7.1}{\376\377\000\040\000I\000n\000t\000e\000g\000r\000a\000l\000\040\000s\000u\000p\000e\000r\000i\000o\000r\000\040\000e\000\040\000i\000n\000t\000e\000g\000r\000a\000l\000\040\000i\000n\000f\000e\000r\000i\000o\000r}{subsection.6.7}% 65
\BOOKMARK [3][-]{subsubsection.6.7.2}{\376\377\000\040\000F\000u\000n\000\347\000\365\000e\000s\000\040\000i\000n\000t\000e\000g\000r\000\341\000v\000e\000i\000s}{subsection.6.7}% 66
\BOOKMARK [3][-]{subsubsection.6.7.3}{\376\377\000\040\000O\000\040\000T\000e\000o\000r\000e\000m\000a\000\040\000F\000u\000n\000d\000a\000m\000e\000n\000t\000a\000l\000\040\000d\000o\000\040\000C\000\341\000l\000c\000u\000l\000o}{subsection.6.7}% 67
\BOOKMARK [3][-]{subsubsection.6.7.4}{\376\377\000\040\000F\000\363\000r\000m\000u\000l\000a\000s\000\040\000c\000l\000\341\000s\000s\000i\000c\000a\000s\000\040\000d\000o\000\040\000C\000\341\000l\000c\000u\000l\000o\000\040\000I\000n\000t\000e\000g\000r\000a\000l}{subsection.6.7}% 68
\BOOKMARK [3][-]{subsubsection.6.7.5}{\376\377\000\040\000A\000\040\000i\000n\000t\000e\000g\000r\000a\000l\000\040\000c\000o\000m\000o\000\040\000l\000i\000m\000i\000t\000e\000\040\000d\000e\000\040\000s\000o\000m\000a\000s}{subsection.6.7}% 69
\BOOKMARK [3][-]{subsubsection.6.7.6}{\376\377\000\040\000C\000a\000r\000a\000c\000t\000e\000r\000i\000z\000a\000\347\000\343\000o\000\040\000d\000a\000s\000\040\000f\000u\000n\000\347\000\365\000e\000s\000\040\000i\000n\000t\000e\000g\000r\000\341\000v\000e\000i\000s}{subsection.6.7}% 70
\BOOKMARK [3][-]{subsubsection.6.7.7}{\376\377\000\040\000L\000o\000g\000a\000r\000i\000t\000m\000o\000s\000\040\000e\000\040\000e\000x\000p\000o\000n\000e\000n\000c\000i\000a\000i\000s}{subsection.6.7}% 71
\BOOKMARK [2][-]{subsection.6.8}{\376\377\000\040\000S\000e\000q\000u\000\352\000n\000c\000i\000a\000s\000\040\000e\000\040\000S\000\351\000r\000i\000e\000s\000\040\000d\000e\000\040\000F\000u\000n\000\347\000\365\000e\000s}{section.6}% 72
\BOOKMARK [3][-]{subsubsection.6.8.1}{\376\377\000\040\000C\000o\000n\000v\000e\000r\000g\000\352\000n\000c\000i\000a\000\040\000s\000i\000m\000p\000l\000e\000s\000\040\000e\000\040\000c\000o\000n\000v\000e\000r\000g\000\352\000n\000c\000i\000a\000\040\000u\000n\000i\000f\000o\000r\000m\000e}{subsection.6.8}% 73
\BOOKMARK [3][-]{subsubsection.6.8.2}{\376\377\000\040\000P\000r\000o\000p\000r\000i\000e\000d\000a\000d\000e\000s\000\040\000d\000a\000\040\000c\000o\000n\000v\000e\000r\000g\000\352\000n\000c\000i\000a\000\040\000u\000n\000i\000f\000o\000r\000m\000e}{subsection.6.8}% 74
\BOOKMARK [3][-]{subsubsection.6.8.3}{\376\377\000\040\000S\000\351\000r\000i\000e\000s\000\040\000d\000e\000\040\000p\000o\000t\000\352\000n\000c\000i\000a\000s}{subsection.6.8}% 75
\BOOKMARK [3][-]{subsubsection.6.8.4}{\376\377\000\040\000F\000u\000n\000\347\000\365\000e\000s\000\040\000a\000n\000a\000l\000\355\000t\000i\000c\000a\000s}{subsection.6.8}% 76
\BOOKMARK [3][-]{subsubsection.6.8.5}{\376\377\000\040\000E\000q\000u\000i\000c\000o\000n\000t\000i\000n\000u\000i\000d\000a\000d\000e}{subsection.6.8}% 77
\BOOKMARK [2][-]{subsection.6.9}{\376\377\000O\000r\000g\000a\000n\000i\000z\000a\000r}{section.6}% 78
\BOOKMARK [1][-]{section.7}{\376\377\000G\000e\000o\000m\000e\000t\000r\000i\000a\000\040\000A\000n\000a\000l\000\355\000t\000i\000c\000a}{}% 79
\BOOKMARK [1][-]{section.8}{\376\377\000\301\000l\000g\000e\000b\000r\000a\000\040\000L\000i\000n\000e\000a\000r}{}% 80
\BOOKMARK [2][-]{subsection.8.1}{\376\377\000P\000o\000s\000t\000o}{section.8}% 81
\BOOKMARK [1][-]{section.9}{\376\377\000A\000n\000\341\000l\000i\000s\000e\000\040\000n\000o\000\040\000R\000n}{}% 82
\BOOKMARK [2][-]{subsection.9.1}{\376\377\000\040\000T\000o\000p\000o\000l\000o\000g\000i\000a\000\040\000d\000o\000\040\000E\000s\000p\000a\000\347\000o\000\040\000E\000u\000c\000l\000i\000d\000i\000a\000n\000o}{section.9}% 83
\BOOKMARK [3][-]{subsubsection.9.1.1}{\376\377\000O\000\040\000e\000s\000p\000a\000\347\000o\000\040\000v\000e\000t\000o\000r\000i\000a\000l\000\040\000R\000n}{subsection.9.1}% 84
\BOOKMARK [3][-]{subsubsection.9.1.2}{\376\377\000M\000\351\000t\000r\000i\000c\000a\000,\000\040\000P\000r\000o\000d\000u\000t\000o\000\040\000i\000n\000t\000e\000r\000n\000o\000\040\000e\000\040\000n\000o\000r\000m\000a}{subsection.9.1}% 85
\BOOKMARK [3][-]{subsubsection.9.1.3}{\376\377\000N\000\372\000m\000e\000r\000o\000s\000\040\000c\000o\000m\000p\000l\000e\000x\000o\000s}{subsection.9.1}% 86
\BOOKMARK [3][-]{subsubsection.9.1.4}{\376\377\000B\000o\000l\000a\000s\000\040\000e\000\040\000c\000o\000n\000j\000u\000n\000t\000o\000s\000\040\000l\000i\000m\000i\000t\000a\000d\000o\000s}{subsection.9.1}% 87
\BOOKMARK [3][-]{subsubsection.9.1.5}{\376\377\000S\000e\000q\000u\000\352\000n\000c\000i\000a\000s\000\040\000n\000o\000\040\000e\000s\000p\000a\000\347\000o\000\040\000e\000u\000c\000l\000i\000d\000i\000a\000n\000o}{subsection.9.1}% 88
\BOOKMARK [3][-]{subsubsection.9.1.6}{\376\377\000P\000o\000n\000t\000o\000s\000\040\000d\000e\000\040\000a\000c\000u\000m\000u\000l\000a\000\347\000\343\000o}{subsection.9.1}% 89
\BOOKMARK [3][-]{subsubsection.9.1.7}{\376\377\000A\000p\000l\000i\000c\000a\000\347\000\365\000e\000s\000\040\000c\000o\000n\000t\000\355\000n\000u\000a\000s}{subsection.9.1}% 90
\BOOKMARK [3][-]{subsubsection.9.1.8}{\376\377\000H\000o\000m\000e\000o\000m\000o\000r\000f\000i\000s\000m\000o\000s}{subsection.9.1}% 91
\BOOKMARK [3][-]{subsubsection.9.1.9}{\376\377\000L\000i\000m\000i\000t\000e\000s}{subsection.9.1}% 92
\BOOKMARK [3][-]{subsubsection.9.1.10}{\376\377\000\040\000C\000o\000n\000j\000u\000n\000t\000o\000s\000\040\000a\000b\000e\000r\000t\000o\000s}{subsection.9.1}% 93
\BOOKMARK [3][-]{subsubsection.9.1.11}{\376\377\000\040\000C\000o\000n\000j\000u\000n\000t\000o\000s\000\040\000f\000e\000c\000h\000a\000d\000o\000s}{subsection.9.1}% 94
\BOOKMARK [3][-]{subsubsection.9.1.12}{\376\377\000\040\000C\000o\000n\000j\000u\000n\000t\000o\000s\000\040\000c\000o\000m\000p\000a\000c\000t\000o\000s}{subsection.9.1}% 95
\BOOKMARK [3][-]{subsubsection.9.1.13}{\376\377\000\040\000D\000i\000s\000t\000\342\000n\000c\000i\000a\000\040\000e\000n\000t\000r\000e\000\040\000d\000o\000i\000s\000\040\000c\000o\000n\000j\000u\000n\000t\000o\000s\000;\000\040\000d\000i\000\342\000m\000e\000t\000r\000o}{subsection.9.1}% 96
\BOOKMARK [3][-]{subsubsection.9.1.14}{\376\377\000\040\000C\000o\000n\000e\000x\000i\000d\000a\000d\000e}{subsection.9.1}% 97
\BOOKMARK [3][-]{subsubsection.9.1.15}{\376\377\000\040\000A\000\040\000n\000o\000r\000m\000a\000\040\000d\000e\000\040\000u\000m\000a\000\040\000t\000r\000a\000n\000s\000f\000o\000r\000m\000a\000\347\000\343\000o\000\040\000l\000i\000n\000e\000a\000r}{subsection.9.1}% 98
\BOOKMARK [2][-]{subsection.9.2}{\376\377\000\040\000C\000a\000m\000i\000n\000h\000o\000s\000\040\000n\000o\000\040\000E\000s\000p\000a\000\347\000o\000\040\000E\000u\000c\000l\000i\000d\000i\000a\000n\000o}{section.9}% 99
\BOOKMARK [3][-]{subsubsection.9.2.1}{\376\377\000\040\000C\000a\000m\000i\000n\000h\000o\000s\000\040\000d\000i\000f\000e\000r\000e\000n\000c\000i\000\341\000v\000e\000i\000s}{subsection.9.2}% 100
\BOOKMARK [3][-]{subsubsection.9.2.2}{\376\377\000E\000x\000e\000r\000c\000\355\000c\000i\000o\000s}{subsection.9.2}% 101
\BOOKMARK [3][-]{subsubsection.9.2.3}{\376\377\000\040\000I\000n\000t\000e\000g\000r\000a\000l\000\040\000d\000e\000\040\000u\000m\000\040\000c\000a\000m\000i\000n\000h\000o}{subsection.9.2}% 102
\BOOKMARK [3][-]{subsubsection.9.2.4}{\376\377\000\040\000O\000s\000\040\000t\000e\000o\000r\000e\000m\000a\000s\000\040\000c\000l\000\341\000s\000s\000i\000c\000o\000s\000\040\000d\000o\000\040\000C\000\341\000l\000c\000u\000l\000o}{subsection.9.2}% 103
\BOOKMARK [3][-]{subsubsection.9.2.5}{\376\377\000\040\000C\000a\000m\000i\000n\000h\000o\000s\000\040\000r\000e\000t\000i\000f\000i\000c\000\341\000v\000e\000i\000s}{subsection.9.2}% 104
\BOOKMARK [3][-]{subsubsection.9.2.6}{\376\377\000\040\000O\000\040\000c\000o\000m\000p\000r\000i\000m\000e\000n\000t\000o\000\040\000d\000e\000\040\000a\000r\000c\000o\000\040\000c\000o\000m\000o\000\040\000p\000a\000r\000\342\000m\000e\000t\000r\000o}{subsection.9.2}% 105
\BOOKMARK [3][-]{subsubsection.9.2.7}{\376\377\000\040\000C\000u\000r\000v\000a\000t\000u\000r\000a\000\040\000e\000\040\000t\000o\000r\000\347\000\343\000o}{subsection.9.2}% 106
\BOOKMARK [3][-]{subsubsection.9.2.8}{\376\377\000\040\000A\000\040\000f\000u\000n\000\347\000\343\000o\000-\000\342\000n\000g\000u\000l\000o}{subsection.9.2}% 107
\BOOKMARK [2][-]{subsection.9.3}{\376\377\000\040\000F\000u\000n\000\347\000\365\000e\000s\000\040\000R\000e\000a\000i\000s\000\040\000d\000e\000\040\000n\000\040\000V\000a\000r\000i\000\341\000v\000e\000i\000s}{section.9}% 108
\BOOKMARK [3][-]{subsubsection.9.3.1}{\376\377\000D\000e\000r\000i\000v\000a\000d\000a\000s\000\040\000p\000a\000r\000c\000i\000a\000i\000s}{subsection.9.3}% 109
\BOOKMARK [3][-]{subsubsection.9.3.2}{\376\377\000D\000e\000r\000i\000v\000a\000d\000a\000s\000\040\000d\000i\000r\000e\000c\000i\000o\000n\000a\000i\000s}{subsection.9.3}% 110
\BOOKMARK [3][-]{subsubsection.9.3.3}{\376\377\000F\000u\000n\000\347\000\365\000e\000s\000\040\000d\000i\000f\000e\000r\000e\000n\000c\000i\000\341\000v\000e\000i\000s}{subsection.9.3}% 111
\BOOKMARK [3][-]{subsubsection.9.3.4}{\376\377\000A\000\040\000d\000i\000f\000e\000r\000e\000n\000c\000i\000a\000l\000\040\000d\000e\000\040\000u\000m\000a\000\040\000f\000u\000n\000\347\000\343\000o}{subsection.9.3}% 112
\BOOKMARK [3][-]{subsubsection.9.3.5}{\376\377\000O\000\040\000g\000r\000a\000d\000i\000e\000n\000t\000e\000\040\000d\000e\000\040\000u\000m\000a\000\040\000f\000u\000n\000\347\000\343\000o\000\040\000d\000i\000f\000e\000r\000e\000n\000c\000i\000\341\000v\000e\000l}{subsection.9.3}% 113
\BOOKMARK [3][-]{subsubsection.9.3.6}{\376\377\000A\000\040\000R\000e\000g\000r\000a\000\040\000d\000e\000\040\000L\000e\000i\000b\000n\000i\000z}{subsection.9.3}% 114
\BOOKMARK [3][-]{subsubsection.9.3.7}{\376\377\000O\000\040\000T\000e\000o\000r\000e\000m\000a\000\040\000d\000e\000\040\000S\000c\000h\000w\000a\000r\000z}{subsection.9.3}% 115
\BOOKMARK [3][-]{subsubsection.9.3.8}{\376\377\000F\000\363\000r\000m\000u\000l\000a\000\040\000d\000e\000\040\000T\000a\000y\000l\000o\000r\000:\000\040\000p\000o\000n\000t\000o\000s\000\040\000c\000r\000\355\000t\000i\000c\000o\000s}{subsection.9.3}% 116
\BOOKMARK [3][-]{subsubsection.9.3.9}{\376\377\000O\000\040\000t\000e\000o\000r\000e\000m\000a\000\040\000d\000a\000\040\000f\000u\000n\000\347\000\343\000o\000\040\000i\000m\000p\000l\000\355\000c\000i\000t\000a}{subsection.9.3}% 117
\BOOKMARK [3][-]{subsubsection.9.3.10}{\376\377\000\040\000M\000u\000l\000t\000i\000p\000l\000i\000c\000a\000d\000o\000r\000\040\000d\000e\000\040\000L\000a\000g\000r\000a\000n\000g\000e}{subsection.9.3}% 118
\BOOKMARK [2][-]{subsection.9.4}{\376\377\000\040\000I\000n\000t\000e\000g\000r\000a\000i\000s\000\040\000C\000u\000r\000v\000i\000l\000\355\000n\000e\000a\000s}{section.9}% 119
\BOOKMARK [3][-]{subsubsection.9.4.1}{\376\377\000F\000o\000r\000m\000a\000s\000\040\000d\000i\000f\000e\000r\000e\000n\000c\000i\000a\000i\000s\000\040\000d\000e\000\040\000g\000r\000a\000u\000\040\0001}{subsection.9.4}% 120
\BOOKMARK [3][-]{subsubsection.9.4.2}{\376\377\000I\000n\000t\000e\000g\000r\000a\000l\000\040\000d\000e\000\040\000S\000t\000i\000e\000l\000t\000j\000e\000s}{subsection.9.4}% 121
\BOOKMARK [3][-]{subsubsection.9.4.3}{\376\377\000I\000n\000t\000e\000g\000r\000a\000l\000\040\000d\000e\000\040\000u\000m\000a\000\040\000f\000o\000r\000m\000a\000\040\000a\000o\000\040\000l\000o\000n\000g\000o\000\040\000d\000e\000\040\000u\000m\000\040\000c\000a\000m\000i\000n\000h\000o}{subsection.9.4}% 122
\BOOKMARK [3][-]{subsubsection.9.4.4}{\376\377\000J\000u\000s\000t\000a\000p\000o\000s\000i\000\347\000\343\000o\000\040\000d\000e\000\040\000c\000a\000m\000i\000n\000h\000o\000s\000:\000\040\000c\000a\000m\000i\000n\000h\000o\000\040\000i\000n\000v\000e\000r\000s\000o}{subsection.9.4}% 123
\BOOKMARK [3][-]{subsubsection.9.4.5}{\376\377\000I\000n\000t\000e\000g\000r\000a\000l\000\040\000c\000u\000r\000v\000i\000l\000\355\000n\000e\000a\000\040\000d\000e\000\040\000u\000m\000\040\000c\000a\000m\000p\000o\000\040\000d\000e\000\040\000v\000e\000t\000o\000r\000e\000s\000\040\000e\000\040\000d\000e\000\040\000u\000m\000a\000\040\000f\000u\000n\000\347\000\343\000o}{subsection.9.4}% 124
\BOOKMARK [3][-]{subsubsection.9.4.6}{\376\377\000F\000o\000r\000m\000a\000s\000\040\000e\000x\000a\000t\000a\000s\000\040\000e\000\040\000f\000o\000r\000m\000a\000s\000\040\000f\000e\000c\000h\000a\000d\000a\000s}{subsection.9.4}% 125
\BOOKMARK [3][-]{subsubsection.9.4.7}{\376\377\000H\000o\000m\000o\000t\000o\000p\000i\000a}{subsection.9.4}% 126
\BOOKMARK [3][-]{subsubsection.9.4.8}{\376\377\000I\000n\000t\000e\000g\000r\000a\000i\000s\000\040\000c\000u\000r\000v\000i\000l\000\355\000n\000e\000a\000s\000\040\000e\000\040\000h\000o\000m\000o\000t\000o\000p\000i\000a}{subsection.9.4}% 127
\BOOKMARK [3][-]{subsubsection.9.4.9}{\376\377\000C\000o\000h\000o\000m\000o\000l\000o\000g\000i\000a}{subsection.9.4}% 128
\BOOKMARK [3][-]{subsubsection.9.4.10}{\376\377\000\040\000A\000\040\000f\000\363\000r\000m\000u\000l\000a\000\040\000d\000e\000\040\000K\000r\000o\000n\000e\000c\000k\000e\000r}{subsection.9.4}% 129
\BOOKMARK [2][-]{subsection.9.5}{\376\377\000\040\000A\000p\000l\000i\000c\000a\000\347\000\365\000e\000s\000\040\000D\000i\000f\000e\000r\000e\000n\000c\000i\000\341\000v\000e\000i\000s}{section.9}% 130
\BOOKMARK [3][-]{subsubsection.9.5.1}{\376\377\000D\000i\000f\000e\000r\000e\000n\000c\000i\000a\000b\000i\000l\000i\000d\000a\000d\000e\000\040\000d\000e\000\040\000u\000m\000a\000\040\000a\000p\000l\000i\000c\000a\000\347\000\343\000o}{subsection.9.5}% 131
\BOOKMARK [3][-]{subsubsection.9.5.2}{\376\377\000E\000x\000e\000m\000p\000l\000o\000s\000\040\000d\000e\000\040\000a\000p\000l\000i\000c\000a\000\347\000\365\000e\000s\000\040\000d\000i\000f\000e\000r\000e\000n\000c\000i\000\341\000v\000e\000i\000s}{subsection.9.5}% 132
\BOOKMARK [3][-]{subsubsection.9.5.3}{\376\377\000A\000\040\000r\000e\000g\000r\000a\000\040\000d\000a\000\040\000c\000a\000d\000e\000i\000a}{subsection.9.5}% 133
\BOOKMARK [3][-]{subsubsection.9.5.4}{\376\377\000A\000\040\000f\000\363\000r\000m\000u\000l\000a\000\040\000d\000e\000\040\000T\000a\000y\000l\000o\000r}{subsection.9.5}% 134
\BOOKMARK [3][-]{subsubsection.9.5.5}{\376\377\000A\000\040\000d\000e\000s\000i\000g\000u\000a\000l\000d\000a\000d\000e\000\040\000d\000o\000\040\000v\000a\000l\000o\000r\000\040\000m\000\351\000d\000i\000o}{subsection.9.5}% 135
\BOOKMARK [3][-]{subsubsection.9.5.6}{\376\377\000S\000e\000q\000u\000\352\000n\000c\000i\000a\000s\000\040\000d\000e\000\040\000a\000p\000l\000i\000c\000a\000\347\000\365\000e\000s\000\040\000d\000i\000f\000e\000r\000e\000n\000c\000i\000\341\000v\000e\000i\000s}{subsection.9.5}% 136
\BOOKMARK [3][-]{subsubsection.9.5.7}{\376\377\000A\000p\000l\000i\000c\000a\000\347\000\365\000e\000s\000\040\000f\000o\000r\000t\000e\000m\000e\000n\000t\000e\000\040\000d\000i\000f\000e\000r\000e\000n\000c\000i\000\341\000v\000e\000i\000s}{subsection.9.5}% 137
\BOOKMARK [3][-]{subsubsection.9.5.8}{\376\377\000O\000\040\000t\000e\000o\000r\000e\000m\000a\000\040\000d\000a\000\040\000a\000p\000l\000i\000c\000a\000\347\000\343\000o\000\040\000i\000n\000v\000e\000r\000s\000a}{subsection.9.5}% 138
\BOOKMARK [3][-]{subsubsection.9.5.9}{\376\377\000A\000p\000l\000i\000c\000a\000\347\000\343\000o\000:\000\040\000o\000\040\000L\000e\000m\000a\000\040\000d\000e\000\040\000M\000o\000r\000s\000e}{subsection.9.5}% 139
\BOOKMARK [3][-]{subsubsection.9.5.10}{\376\377\000\040\000A\000\040\000f\000o\000r\000m\000a\000\040\000l\000o\000c\000a\000l\000\040\000d\000a\000s\000\040\000i\000m\000e\000r\000s\000\365\000e\000s}{subsection.9.5}% 140
\BOOKMARK [3][-]{subsubsection.9.5.11}{\376\377\000\040\000A\000\040\000f\000o\000r\000m\000a\000\040\000l\000o\000c\000a\000l\000\040\000d\000a\000s\000\040\000s\000u\000b\000m\000e\000r\000s\000\365\000e\000s}{subsection.9.5}% 141
\BOOKMARK [3][-]{subsubsection.9.5.12}{\376\377\000\040\000O\000\040\000t\000e\000o\000r\000e\000m\000a\000\040\000d\000o\000\040\000p\000o\000s\000t\000o}{subsection.9.5}% 142
\BOOKMARK [3][-]{subsubsection.9.5.13}{\376\377\000\040\000S\000u\000p\000e\000r\000f\000\355\000c\000i\000e\000s\000\040\000n\000o\000\040\000e\000s\000p\000a\000\347\000o\000\040\000e\000u\000c\000l\000i\000d\000i\000a\000n\000o}{subsection.9.5}% 143
\BOOKMARK [3][-]{subsubsection.9.5.14}{\376\377\000\040\000S\000u\000p\000e\000r\000f\000\355\000c\000i\000e\000s\000\040\000o\000r\000i\000e\000n\000t\000\341\000v\000e\000i\000s}{subsection.9.5}% 144
\BOOKMARK [3][-]{subsubsection.9.5.15}{\376\377\000\040\000O\000\040\000m\000\351\000t\000o\000d\000o\000\040\000d\000o\000s\000\040\000m\000u\000l\000t\000i\000p\000l\000i\000c\000a\000d\000o\000r\000e\000s\000\040\000d\000e\000\040\000L\000a\000g\000r\000a\000n\000g\000e}{subsection.9.5}% 145
\BOOKMARK [2][-]{subsection.9.6}{\376\377\000\040\000I\000n\000t\000e\000g\000r\000a\000i\000s\000\040\000M\000\372\000l\000t\000i\000p\000l\000a\000s}{section.9}% 146
\BOOKMARK [3][-]{subsubsection.9.6.1}{\376\377\000A\000\040\000d\000e\000f\000i\000n\000i\000\347\000\343\000o\000\040\000d\000e\000\040\000i\000n\000t\000e\000g\000r\000a\000l}{subsection.9.6}% 147
\BOOKMARK [3][-]{subsubsection.9.6.2}{\376\377\000C\000o\000n\000j\000u\000n\000t\000o\000s\000\040\000d\000e\000\040\000m\000e\000d\000i\000d\000a\000\040\000n\000u\000l\000a}{subsection.9.6}% 148
\BOOKMARK [3][-]{subsubsection.9.6.3}{\376\377\000C\000a\000r\000a\000c\000t\000e\000r\000i\000z\000a\000\347\000\343\000o\000\040\000d\000a\000s\000\040\000f\000u\000n\000\347\000\365\000e\000s\000\040\000i\000n\000t\000e\000g\000r\000\341\000v\000e\000i\000s}{subsection.9.6}% 149
\BOOKMARK [3][-]{subsubsection.9.6.4}{\376\377\000A\000\040\000i\000n\000t\000e\000g\000r\000a\000l\000\040\000c\000o\000m\000o\000\040\000l\000i\000m\000i\000t\000e\000\040\000d\000e\000\040\000s\000o\000m\000a\000s\000\040\000d\000e\000\040\000R\000i\000e\000m\000a\000n\000n}{subsection.9.6}% 150
\BOOKMARK [3][-]{subsubsection.9.6.5}{\376\377\000I\000n\000t\000e\000g\000r\000a\000\347\000\343\000o\000\040\000r\000e\000p\000e\000t\000i\000d\000a}{subsection.9.6}% 151
\BOOKMARK [3][-]{subsubsection.9.6.6}{\376\377\000M\000u\000d\000a\000n\000\347\000a\000\040\000d\000e\000\040\000v\000a\000r\000i\000\341\000v\000e\000i\000s}{subsection.9.6}% 152
\BOOKMARK [2][-]{subsection.9.7}{\376\377\000\040\000I\000n\000t\000e\000g\000r\000a\000i\000s\000\040\000d\000e\000\040\000S\000u\000p\000e\000r\000f\000\355\000c\000i\000e}{section.9}% 153
\BOOKMARK [3][-]{subsubsection.9.7.1}{\376\377\000F\000o\000r\000m\000a\000s\000\040\000a\000l\000t\000e\000r\000n\000a\000d\000a\000s}{subsection.9.7}% 154
\BOOKMARK [3][-]{subsubsection.9.7.2}{\376\377\000F\000o\000r\000m\000a\000s\000\040\000d\000i\000f\000e\000r\000e\000n\000c\000i\000a\000i\000s}{subsection.9.7}% 155
\BOOKMARK [3][-]{subsubsection.9.7.3}{\376\377\000A\000\040\000d\000i\000f\000e\000r\000e\000n\000c\000i\000a\000l\000\040\000e\000x\000t\000e\000r\000i\000o\000r}{subsection.9.7}% 156
\BOOKMARK [3][-]{subsubsection.9.7.4}{\376\377\000P\000a\000r\000t\000i\000\347\000\365\000e\000s\000\040\000d\000a\000\040\000u\000n\000i\000d\000a\000d\000e}{subsection.9.7}% 157
\BOOKMARK [3][-]{subsubsection.9.7.5}{\376\377\000A\000p\000l\000i\000c\000a\000\347\000\365\000e\000s\000\040\000d\000a\000\040\000p\000a\000r\000t\000i\000\347\000\343\000o\000\040\000d\000a\000\040\000u\000n\000i\000d\000a\000d\000e}{subsection.9.7}% 158
\BOOKMARK [3][-]{subsubsection.9.7.6}{\376\377\000I\000n\000t\000e\000g\000r\000a\000i\000s\000\040\000d\000e\000\040\000s\000u\000p\000e\000r\000f\000\355\000c\000i\000e}{subsection.9.7}% 159
\BOOKMARK [3][-]{subsubsection.9.7.7}{\376\377\000S\000u\000p\000e\000r\000f\000\355\000c\000i\000e\000s\000\040\000c\000o\000m\000\040\000b\000o\000r\000d\000o}{subsection.9.7}% 160
\BOOKMARK [3][-]{subsubsection.9.7.8}{\376\377\000O\000\040\000T\000e\000o\000r\000e\000m\000a\000\040\000d\000e\000\040\000S\000t\000o\000k\000e\000s}{subsection.9.7}% 161
\BOOKMARK [3][-]{subsubsection.9.7.9}{\376\377\000G\000r\000a\000u\000\040\000d\000e\000\040\000u\000m\000a\000\040\000a\000p\000l\000i\000c\000a\000\347\000\343\000o}{subsection.9.7}% 162
\BOOKMARK [3][-]{subsubsection.9.7.10}{\376\377\000\040\000A\000\040\000i\000n\000t\000e\000g\000r\000a\000l\000\040\000d\000e\000\040\000K\000r\000o\000n\000e\000c\000k\000e\000r}{subsection.9.7}% 163
\BOOKMARK [2][-]{subsection.9.8}{\376\377\000O\000r\000g\000a\000n\000i\000z\000a\000r}{section.9}% 164
\BOOKMARK [2][-]{subsection.9.9}{\376\377\000D\000i\000f\000e\000r\000e\000n\000c\000i\000a\000\347\000\343\000o}{section.9}% 165
\BOOKMARK [2][-]{subsection.9.10}{\376\377\000I\000n\000t\000e\000g\000r\000a\000\347\000\343\000o}{section.9}% 166
\BOOKMARK [3][-]{subsubsection.9.10.1}{\376\377\000E\000x\000e\000r\000c\000\355\000c\000i\000o\000s}{subsection.9.10}% 167
\BOOKMARK [1][-]{section.10}{\376\377\000G\000e\000o\000m\000e\000t\000r\000i\000a\000\040\000d\000i\000f\000e\000r\000e\000n\000c\000i\000a\000l}{}% 168
\BOOKMARK [2][-]{subsection.10.1}{\376\377\000S\000u\000p\000e\000r\000f\000\355\000c\000i\000e\000s\000\040\000R\000e\000g\000u\000l\000a\000r\000e\000s}{section.10}% 169
